<?xml version="1.0" encoding="UTF-8" ?>
<testsuites errors="1"
            failures="1"
            tests="1">

  <testsuite name="HomeTest"
    errors="1" failures="1" hostname="" id="" package="HomeTest" skipped="0"
    tests="1" time="10.83" timestamp="">
  
    <testcase name="items-loaded" classname="HomeTest" time="10.83" assertions="2">

      <failure message="Testing if element &lt;#Dirt&gt; is present in 5000ms - expected &#34;is present&#34; but got: &#34;not present&#34; (5075ms)">    at Object.items-loaded (C:\Users\stan\Desktop\School\S3\FUN\App\Frontend\vueproject\tests\HomeTest.js:8:21)
    at processTicksAndRejections (internal/process/task_queues.js:97:5)</failure>

    
    <error message="Error while running &#34;elementPresent&#34; command: Testing if element [0;33m&lt;#Dirt&gt;[0m is present in 5000ms - expected [0;32m&#34;is present&#34;[0m but got: [0;31m&#34;not present&#34;[0m [0;90m(5075ms)[0m" type="error"><![CDATA[
        at Object.items-loaded (C:\Users\stan\Desktop\School\S3\FUN\App\Frontend\vueproject\tests\HomeTest.js:8:21)
    at processTicksAndRejections (internal/process/task_queues.js:97:5)
    ]]></error>
    
    </testcase>
  

  
    <system-err>
        NoSuchElementError: An error occurred while running .click() command on &lt;#Dirt&gt;: 
   {&#34;value&#34;:[]}
       at processTicksAndRejections (internal/process/task_queues.js:97:5)
    </system-err>
  

    

  
  </testsuite>
</testsuites>
